--------2014-12-10 09:24:59---------------------------------------------------------------
	Error:获取dataTable失败
	MySql.Data.MySqlClient.MySqlException: Reading from the stream has failed. ---> System.IO.IOException: Read failure ---> System.Net.Sockets.SocketException: A connection attempt failed because the connected party did not properly respond after a period of time, or established connection failed because connected host has failed to respond
  at System.Net.Sockets.Socket.Receive (System.Byte[] buffer, Int32 offset, Int32 size, SocketFlags flags) [0x00000] in <filename unknown>:0 
  at System.Net.Sockets.NetworkStream.Read (System.Byte[] buffer, Int32 offset, Int32 size) [0x00000] in <filename unknown>:0 
  --- End of inner exception stack trace ---
  at System.Net.Sockets.NetworkStream.Read (System.Byte[] buffer, Int32 offset, Int32 size) [0x00000] in <filename unknown>:0 
  at MySql.Data.Common.MyNetworkStream.Read (System.Byte[] buffer, Int32 offset, Int32 count) [0x00000] in <filename unknown>:0 
  --- End of inner exception stack trace ---
  at MySql.Data.MySqlClient.MySqlStream.LoadPacket () [0x00000] in <filename unknown>:0 
  at MySql.Data.MySqlClient.MySqlStream.ReadPacket () [0x00000] in <filename unknown>:0 
  at MySql.Data.MySqlClient.NativeDriver.ReadOk (Boolean read) [0x00000] in <filename unknown>:0 -----

--------2014-12-10 09:25:35---------------------------------------------------------------
	Error:获取dataTable失败
	MySql.Data.MySqlClient.MySqlException: Authentication to host 'sinbo520.mysql.rds.aliyuncs.com' for user 'demo' using method 'mysql_native_password' failed with message: Reading from the stream has failed. ---> MySql.Data.MySqlClient.MySqlException: Reading from the stream has failed. ---> System.IO.IOException: Read failure ---> System.Net.Sockets.SocketException: Connection reset by peer
  at System.Net.Sockets.Socket.Receive (System.Byte[] buffer, Int32 offset, Int32 size, SocketFlags flags) [0x00000] in <filename unknown>:0 
  at System.Net.Sockets.NetworkStream.Read (System.Byte[] buffer, Int32 offset, Int32 size) [0x00000] in <filename unknown>:0 
  --- End of inner exception stack trace ---
  at System.Net.Sockets.NetworkStream.Read (System.Byte[] buffer, Int32 offset, Int32 size) [0x00000] in <filename unknown>:0 
  at MySql.Data.Common.MyNetworkStream.Read (System.Byte[] buffer, Int32 offset, Int32 count) [0x00000] in <filename unknown>:0 
  --- End of inner exception stack trace ---
  at MySql.Data.MySqlClient.MySqlStream.LoadPacket () [0x00000] in <filename unknown>:0 
  at MySql.Data.MySqlClient.MySqlStream.ReadPacket () [0x00000] in <filename unknown>:0 
  at MySql.Data.MySqlClient.NativeDriver.ReadPacket () [0x00000] in <filename unknown>:0 
  at MySql.Data.MySqlClient.Authentication.MySqlAuthenticationPlugin.ReadPacket () [0x00000] in <filename unknown>:0 
  --- End of inner exception stack trace ---
  at MySql.Data.MySqlClient.Authentication.MySqlAuthenticationPlugin.AuthenticationFailed (System.Exception ex) [0x00000] in <filename unknown>:0 
  at MySql.Data.MySqlClient.Authentication.MySqlAuthenticationPlugin.ReadPacket () [0x00000] in <filename unknown>:0 
  at MySql.Data.MySqlClient.Authentication.MySqlAuthenticationPlugin.Authenticate (Boolean reset) [0x00000] in <filename unknown>:0 
  at MySql.Data.MySqlClient.NativeDriver.Authenticate (System.String authMethod, Boolean reset) [0x00000] in <filename unknown>:0 
  at MySql.Data.MySqlClient.NativeDriver.Open () [0x00000] in <filename unknown>:0 
  at MySql.Data.MySqlClient.Driver.Open () [0x00000] in <filename unknown>:0 
  at MySql.Data.MySqlClient.Driver.Create (MySql.Data.MySqlClient.MySqlConnectionStringBuilder settings) [0x00000] in <filename unknown>:0 -----

--------2014-12-10 09:25:49---------------------------------------------------------------
	Error:获取dataTable失败
	MySql.Data.MySqlClient.MySqlException: Authentication to host 'sinbo520.mysql.rds.aliyuncs.com' for user 'demo' using method 'mysql_native_password' failed with message: Reading from the stream has failed. ---> MySql.Data.MySqlClient.MySqlException: Reading from the stream has failed. ---> System.IO.IOException: Read failure ---> System.Net.Sockets.SocketException: Connection reset by peer
  at System.Net.Sockets.Socket.Receive (System.Byte[] buffer, Int32 offset, Int32 size, SocketFlags flags) [0x00000] in <filename unknown>:0 
  at System.Net.Sockets.NetworkStream.Read (System.Byte[] buffer, Int32 offset, Int32 size) [0x00000] in <filename unknown>:0 
  --- End of inner exception stack trace ---
  at System.Net.Sockets.NetworkStream.Read (System.Byte[] buffer, Int32 offset, Int32 size) [0x00000] in <filename unknown>:0 
  at MySql.Data.Common.MyNetworkStream.Read (System.Byte[] buffer, Int32 offset, Int32 count) [0x00000] in <filename unknown>:0 
  --- End of inner exception stack trace ---
  at MySql.Data.MySqlClient.MySqlStream.LoadPacket () [0x00000] in <filename unknown>:0 
  at MySql.Data.MySqlClient.MySqlStream.ReadPacket () [0x00000] in <filename unknown>:0 
  at MySql.Data.MySqlClient.NativeDriver.ReadPacket () [0x00000] in <filename unknown>:0 
  at MySql.Data.MySqlClient.Authentication.MySqlAuthenticationPlugin.ReadPacket () [0x00000] in <filename unknown>:0 
  --- End of inner exception stack trace ---
  at MySql.Data.MySqlClient.Authentication.MySqlAuthenticationPlugin.AuthenticationFailed (System.Exception ex) [0x00000] in <filename unknown>:0 
  at MySql.Data.MySqlClient.Authentication.MySqlAuthenticationPlugin.ReadPacket () [0x00000] in <filename unknown>:0 
  at MySql.Data.MySqlClient.Authentication.MySqlAuthenticationPlugin.Authenticate (Boolean reset) [0x00000] in <filename unknown>:0 
  at MySql.Data.MySqlClient.NativeDriver.Authenticate (System.String authMethod, Boolean reset) [0x00000] in <filename unknown>:0 
  at MySql.Data.MySqlClient.NativeDriver.Open () [0x00000] in <filename unknown>:0 
  at MySql.Data.MySqlClient.Driver.Open () [0x00000] in <filename unknown>:0 
  at MySql.Data.MySqlClient.Driver.Create (MySql.Data.MySqlClient.MySqlConnectionStringBuilder settings) [0x00000] in <filename unknown>:0 -----

