--------2015-01-17 12:29:36---------------------------------------------------------------
	Error:获取dataTable失败
	MySql.Data.MySqlClient.MySqlException: You have an error in your SQL syntax; check the manual that corresponds to your MySQL server version for the right syntax to use near 'index DESC LIMIT 0,30' at line 1
  at MySql.Data.MySqlClient.MySqlStream.ReadPacket () [0x00000] in <filename unknown>:0 
  at MySql.Data.MySqlClient.NativeDriver.GetResult (System.Int32& affectedRow, System.Int64& insertedId) [0x00000] in <filename unknown>:0 -----SELECT * FROM city ORDER BY index DESC LIMIT 0,30

--------2015-01-17 12:29:39---------------------------------------------------------------
	Error:获取dataTable失败
	MySql.Data.MySqlClient.MySqlException: You have an error in your SQL syntax; check the manual that corresponds to your MySQL server version for the right syntax to use near 'index DESC LIMIT 0,30' at line 1
  at MySql.Data.MySqlClient.MySqlStream.ReadPacket () [0x00000] in <filename unknown>:0 
  at MySql.Data.MySqlClient.NativeDriver.GetResult (System.Int32& affectedRow, System.Int64& insertedId) [0x00000] in <filename unknown>:0 -----SELECT * FROM city ORDER BY index DESC LIMIT 0,30

--------2015-01-17 12:30:17---------------------------------------------------------------
	Error:获取dataTable失败
	MySql.Data.MySqlClient.MySqlException: You have an error in your SQL syntax; check the manual that corresponds to your MySQL server version for the right syntax to use near 'DESC｀ LIMIT 0,30' at line 1
  at MySql.Data.MySqlClient.MySqlStream.ReadPacket () [0x00000] in <filename unknown>:0 
  at MySql.Data.MySqlClient.NativeDriver.GetResult (System.Int32& affectedRow, System.Int64& insertedId) [0x00000] in <filename unknown>:0 -----SELECT * FROM city ORDER BY ｀index DESC｀ LIMIT 0,30

--------2015-01-17 12:30:23---------------------------------------------------------------
	Error:获取dataTable失败
	MySql.Data.MySqlClient.MySqlException: You have an error in your SQL syntax; check the manual that corresponds to your MySQL server version for the right syntax to use near 'DESC｀ LIMIT 0,30' at line 1
  at MySql.Data.MySqlClient.MySqlStream.ReadPacket () [0x00000] in <filename unknown>:0 
  at MySql.Data.MySqlClient.NativeDriver.GetResult (System.Int32& affectedRow, System.Int64& insertedId) [0x00000] in <filename unknown>:0 -----SELECT * FROM city ORDER BY ｀index DESC｀ LIMIT 0,30

--------2015-01-17 12:30:25---------------------------------------------------------------
	Error:获取dataTable失败
	MySql.Data.MySqlClient.MySqlException: You have an error in your SQL syntax; check the manual that corresponds to your MySQL server version for the right syntax to use near 'DESC｀ LIMIT 0,30' at line 1
  at MySql.Data.MySqlClient.MySqlStream.ReadPacket () [0x00000] in <filename unknown>:0 
  at MySql.Data.MySqlClient.NativeDriver.GetResult (System.Int32& affectedRow, System.Int64& insertedId) [0x00000] in <filename unknown>:0 -----SELECT * FROM city ORDER BY ｀index DESC｀ LIMIT 0,30

--------2015-01-17 12:31:07---------------------------------------------------------------
	Error:获取dataTable失败
	MySql.Data.MySqlClient.MySqlException: Unknown column '｀index｀' in 'order clause'
  at MySql.Data.MySqlClient.MySqlStream.ReadPacket () [0x00000] in <filename unknown>:0 
  at MySql.Data.MySqlClient.NativeDriver.GetResult (System.Int32& affectedRow, System.Int64& insertedId) [0x00000] in <filename unknown>:0 -----SELECT * FROM city ORDER BY ｀index｀ DESC LIMIT 0,30

--------2015-01-17 12:31:10---------------------------------------------------------------
	Error:获取dataTable失败
	MySql.Data.MySqlClient.MySqlException: Unknown column '｀index｀' in 'order clause'
  at MySql.Data.MySqlClient.MySqlStream.ReadPacket () [0x00000] in <filename unknown>:0 
  at MySql.Data.MySqlClient.NativeDriver.GetResult (System.Int32& affectedRow, System.Int64& insertedId) [0x00000] in <filename unknown>:0 -----SELECT * FROM city ORDER BY ｀index｀ DESC LIMIT 0,30

--------2015-01-17 12:31:37---------------------------------------------------------------
	Error:获取dataTable失败
	MySql.Data.MySqlClient.MySqlException: Unknown column '‘index’' in 'order clause'
  at MySql.Data.MySqlClient.MySqlStream.ReadPacket () [0x00000] in <filename unknown>:0 
  at MySql.Data.MySqlClient.NativeDriver.GetResult (System.Int32& affectedRow, System.Int64& insertedId) [0x00000] in <filename unknown>:0 -----SELECT * FROM city ORDER BY ‘index’ DESC LIMIT 0,30

--------2015-01-17 12:32:00---------------------------------------------------------------
	Error:获取dataTable失败
	MySql.Data.MySqlClient.MySqlException: Unknown column '｀index｀' in 'order clause'
  at MySql.Data.MySqlClient.MySqlStream.ReadPacket () [0x00000] in <filename unknown>:0 
  at MySql.Data.MySqlClient.NativeDriver.GetResult (System.Int32& affectedRow, System.Int64& insertedId) [0x00000] in <filename unknown>:0 -----SELECT * FROM city ORDER BY ｀index｀ DESC LIMIT 0,30

--------2015-01-17 13:08:42---------------------------------------------------------------
	Error:应用错误
	System.Threading.ThreadAbortException: Thread was being aborted
  at Jabinfo.JabinfoController._JabinfoExcute (System.String[] userParam, Jabinfo.JabinfoContext context) [0x00000] in <filename unknown>:0 
  at Jabinfo.JabinfoHandle.ProcessRequest (System.Web.HttpContext context) [0x00000] in <filename unknown>:0 

