--------2015-03-03 09:01:25---------------------------------------------------------------
	Error:获取dataTable失败
	MySql.Data.MySqlClient.MySqlException: Fatal error encountered during command execution. ---> MySql.Data.MySqlClient.MySqlException: Parameter '?category_id' must be defined.
  at MySql.Data.MySqlClient.Statement.SerializeParameter (MySql.Data.MySqlClient.MySqlParameterCollection parameters, MySql.Data.MySqlClient.MySqlPacket packet, System.String parmName, Int32 parameterIndex) [0x00000] in <filename unknown>:0 
  at MySql.Data.MySqlClient.Statement.InternalBindParameters (System.String sql, MySql.Data.MySqlClient.MySqlParameterCollection parameters, MySql.Data.MySqlClient.MySqlPacket packet) [0x00000] in <filename unknown>:0 
  at MySql.Data.MySqlClient.Statement.BindParameters () [0x00000] in <filename unknown>:0 
  at MySql.Data.MySqlClient.Statement.Execute () [0x00000] in <filename unknown>:0 
  at MySql.Data.MySqlClient.PreparableStatement.Execute () [0x00000] in <filename unknown>:0 
  at MySql.Data.MySqlClient.MySqlCommand.ExecuteReader (CommandBehavior behavior) [0x00000] in <filename unknown>:0 
  --- End of inner exception stack trace ---
  at MySql.Data.MySqlClient.MySqlCommand.ExecuteReader (CommandBehavior behavior) [0x00000] in <filename unknown>:0 
  at MySql.Data.MySqlClient.MySqlCommand.ExecuteDbDataReader (CommandBehavior behavior) [0x00000] in <filename unknown>:0 
  at System.Data.Common.DbCommand.ExecuteReader (CommandBehavior behavior) [0x00000] in <filename unknown>:0 
  at System.Data.Common.DbCommand.System.Data.IDbCommand.ExecuteReader (CommandBehavior behavior) [0x00000] in <filename unknown>:0 
  at System.Data.Common.DbDataAdapter.Fill (System.Data.DataTable dataTable, IDbCommand command, CommandBehavior behavior) [0x00000] in <filename unknown>:0 
  at System.Data.Common.DbDataAdapter.Fill (System.Data.DataTable dataTable) [0x00000] in <filename unknown>:0 
  at (wrapper remoting-invoke-with-check) System.Data.Common.DbDataAdapter:Fill (System.Data.DataTable)
  at Jabinfo.DB.MySQL.Select.All () [0x00000] in <filename unknown>:0 -----SELECT * FROM category WHERE category_id=?category_id LIMIT 0,1

--------2015-03-03 09:01:27---------------------------------------------------------------
	Error:获取dataTable失败
	MySql.Data.MySqlClient.MySqlException: Fatal error encountered during command execution. ---> MySql.Data.MySqlClient.MySqlException: Parameter '?category_id' must be defined.
  at MySql.Data.MySqlClient.Statement.SerializeParameter (MySql.Data.MySqlClient.MySqlParameterCollection parameters, MySql.Data.MySqlClient.MySqlPacket packet, System.String parmName, Int32 parameterIndex) [0x00000] in <filename unknown>:0 
  at MySql.Data.MySqlClient.Statement.InternalBindParameters (System.String sql, MySql.Data.MySqlClient.MySqlParameterCollection parameters, MySql.Data.MySqlClient.MySqlPacket packet) [0x00000] in <filename unknown>:0 
  at MySql.Data.MySqlClient.Statement.BindParameters () [0x00000] in <filename unknown>:0 
  at MySql.Data.MySqlClient.Statement.Execute () [0x00000] in <filename unknown>:0 
  at MySql.Data.MySqlClient.PreparableStatement.Execute () [0x00000] in <filename unknown>:0 
  at MySql.Data.MySqlClient.MySqlCommand.ExecuteReader (CommandBehavior behavior) [0x00000] in <filename unknown>:0 
  --- End of inner exception stack trace ---
  at MySql.Data.MySqlClient.MySqlCommand.ExecuteReader (CommandBehavior behavior) [0x00000] in <filename unknown>:0 
  at MySql.Data.MySqlClient.MySqlCommand.ExecuteDbDataReader (CommandBehavior behavior) [0x00000] in <filename unknown>:0 
  at System.Data.Common.DbCommand.ExecuteReader (CommandBehavior behavior) [0x00000] in <filename unknown>:0 
  at System.Data.Common.DbCommand.System.Data.IDbCommand.ExecuteReader (CommandBehavior behavior) [0x00000] in <filename unknown>:0 
  at System.Data.Common.DbDataAdapter.Fill (System.Data.DataTable dataTable, IDbCommand command, CommandBehavior behavior) [0x00000] in <filename unknown>:0 
  at System.Data.Common.DbDataAdapter.Fill (System.Data.DataTable dataTable) [0x00000] in <filename unknown>:0 
  at (wrapper remoting-invoke-with-check) System.Data.Common.DbDataAdapter:Fill (System.Data.DataTable)
  at Jabinfo.DB.MySQL.Select.All () [0x00000] in <filename unknown>:0 -----SELECT * FROM category WHERE category_id=?category_id LIMIT 0,1

--------2015-03-03 09:02:49---------------------------------------------------------------
	Error:获取dataTable失败
	MySql.Data.MySqlClient.MySqlException: Fatal error encountered during command execution. ---> MySql.Data.MySqlClient.MySqlException: Parameter '?category_id' must be defined.
  at MySql.Data.MySqlClient.Statement.SerializeParameter (MySql.Data.MySqlClient.MySqlParameterCollection parameters, MySql.Data.MySqlClient.MySqlPacket packet, System.String parmName, Int32 parameterIndex) [0x00000] in <filename unknown>:0 
  at MySql.Data.MySqlClient.Statement.InternalBindParameters (System.String sql, MySql.Data.MySqlClient.MySqlParameterCollection parameters, MySql.Data.MySqlClient.MySqlPacket packet) [0x00000] in <filename unknown>:0 
  at MySql.Data.MySqlClient.Statement.BindParameters () [0x00000] in <filename unknown>:0 
  at MySql.Data.MySqlClient.Statement.Execute () [0x00000] in <filename unknown>:0 
  at MySql.Data.MySqlClient.PreparableStatement.Execute () [0x00000] in <filename unknown>:0 
  at MySql.Data.MySqlClient.MySqlCommand.ExecuteReader (CommandBehavior behavior) [0x00000] in <filename unknown>:0 
  --- End of inner exception stack trace ---
  at MySql.Data.MySqlClient.MySqlCommand.ExecuteReader (CommandBehavior behavior) [0x00000] in <filename unknown>:0 
  at MySql.Data.MySqlClient.MySqlCommand.ExecuteDbDataReader (CommandBehavior behavior) [0x00000] in <filename unknown>:0 
  at System.Data.Common.DbCommand.ExecuteReader (CommandBehavior behavior) [0x00000] in <filename unknown>:0 
  at System.Data.Common.DbCommand.System.Data.IDbCommand.ExecuteReader (CommandBehavior behavior) [0x00000] in <filename unknown>:0 
  at System.Data.Common.DbDataAdapter.Fill (System.Data.DataTable dataTable, IDbCommand command, CommandBehavior behavior) [0x00000] in <filename unknown>:0 
  at System.Data.Common.DbDataAdapter.Fill (System.Data.DataTable dataTable) [0x00000] in <filename unknown>:0 
  at (wrapper remoting-invoke-with-check) System.Data.Common.DbDataAdapter:Fill (System.Data.DataTable)
  at Jabinfo.DB.MySQL.Select.All () [0x00000] in <filename unknown>:0 -----SELECT * FROM category WHERE category_id=?category_id LIMIT 0,1

--------2015-03-03 12:11:22---------------------------------------------------------------
	Error:应用错误
	System.Threading.ThreadAbortException: Thread was being aborted
  at Jabinfo.JabinfoController._JabinfoExcute (System.String[] userParam, Jabinfo.JabinfoContext context) [0x00000] in <filename unknown>:0 
  at Jabinfo.JabinfoHandle.ProcessRequest (System.Web.HttpContext context) [0x00000] in <filename unknown>:0 

--------2015-03-03 15:11:14---------------------------------------------------------------
	Error:应用错误
	System.Threading.ThreadAbortException: Thread was being aborted
  at Jabinfo.JabinfoController._JabinfoExcute (System.String[] userParam, Jabinfo.JabinfoContext context) [0x00000] in <filename unknown>:0 
  at Jabinfo.JabinfoHandle.ProcessRequest (System.Web.HttpContext context) [0x00000] in <filename unknown>:0 

